<?xml version="1.0" encoding="UTF-8"?>
<!-- Generated by org.testng.reporters.JUnitReportReporter -->
<testsuite skipped="0" hostname="Krishnavenis-MacBook-Air.local" name="TSuites.Shopping" tests="10" failures="0" timestamp="2021-11-25T14:24:10 IST" time="66.728" errors="0">
  <testcase name="InValidUserLoginCheck" time="4.671" classname="TSuites.Shopping"/>
  <system-out/>
  <testcase name="InValidPasswordLoginCheck" time="4.614" classname="TSuites.Shopping"/>
  <system-out/>
  <testcase name="ValidUserLoginCheck" time="5.192" classname="TSuites.Shopping"/>
  <system-out/>
  <testcase name="ViewProductList" time="4.367" classname="TSuites.Shopping"/>
  <system-out/>
  <testcase name="MedAddCart" time="11.758" classname="TSuites.Shopping"/>
  <system-out/>
  <testcase name="checkCart" time="11.361" classname="TSuites.Shopping"/>
  <system-out/>
  <testcase name="selectShipping" time="9.435" classname="TSuites.Shopping"/>
  <system-out/>
  <testcase name="orderConfirm" time="7.224" classname="TSuites.Shopping"/>
  <system-out/>
  <testcase name="userLogOutConfirm" time="4.044" classname="TSuites.Shopping"/>
  <system-out/>
  <testcase name="userLogOutClick" time="4.062" classname="TSuites.Shopping"/>
  <system-out/>
</testsuite> <!-- TSuites.Shopping -->
