<?xml version="1.0" encoding="UTF-8"?>
<!-- Generated by org.testng.reporters.JUnitReportReporter -->
<testsuite skipped="0" hostname="Krishnavenis-MacBook-Air.local" name="TSuites.AdminActions" tests="7" failures="0" timestamp="2021-11-25T14:24:10 IST" time="34.326" errors="0">
  <testcase name="ValidAdminUserLoginCheck" time="4.433" classname="TSuites.AdminActions"/>
  <system-out/>
  <testcase name="ManageProductsPageConfirm" time="4.365" classname="TSuites.AdminActions"/>
  <system-out/>
  <testcase name="AddMedicine" time="5.636" classname="TSuites.AdminActions"/>
  <system-out/>
  <testcase name="EditMedQty" time="7.542" classname="TSuites.AdminActions"/>
  <system-out/>
  <testcase name="EditedMedQty" time="4.261" classname="TSuites.AdminActions"/>
  <system-out/>
  <testcase name="userLogOutClick" time="4.043" classname="TSuites.AdminActions"/>
  <system-out/>
  <testcase name="userLogOutConfirm" time="4.046" classname="TSuites.AdminActions"/>
  <system-out/>
</testsuite> <!-- TSuites.AdminActions -->
