<?xml version="1.0" encoding="UTF-8"?>
<!-- Generated by org.testng.reporters.JUnitReportReporter -->
<testsuite skipped="0" hostname="Krishnavenis-MacBook-Air.local" name="TSuites.SiteMap_Common" tests="9" failures="0" timestamp="2021-11-25T09:07:21 IST" time="49.770" errors="0">
  <testcase name="validateAboutPage" time="4.563" classname="TSuites.SiteMap_Common"/>
  <system-out/>
  <testcase name="validateHomePage" time="3.067" classname="TSuites.SiteMap_Common"/>
  <system-out/>
  <testcase name="validateContactPage" time="2.191" classname="TSuites.SiteMap_Common"/>
  <system-out/>
  <testcase name="validateViewProducts" time="6.363" classname="TSuites.SiteMap_Common"/>
  <system-out/>
  <testcase name="validateAntipyreticsViewProducts" time="9.323" classname="TSuites.SiteMap_Common"/>
  <system-out/>
  <testcase name="validateAnalgesicsViewProducts" time="9.285" classname="TSuites.SiteMap_Common"/>
  <system-out/>
  <testcase name="validateAntibioticsViewProducts" time="9.284" classname="TSuites.SiteMap_Common"/>
  <system-out/>
  <testcase name="validateSignupPage" time="2.262" classname="TSuites.SiteMap_Common"/>
  <system-out/>
  <testcase name="validateLoginPage" time="3.432" classname="TSuites.SiteMap_Common"/>
  <system-out/>
</testsuite> <!-- TSuites.SiteMap_Common -->
