<?xml version="1.0" encoding="UTF-8"?>
<!-- Generated by org.testng.reporters.JUnitReportReporter -->
<testsuite skipped="0" hostname="Krishnavenis-MacBook-Air.local" name="TSuites.Shopping" tests="10" failures="0" timestamp="2021-11-25T09:07:21 IST" time="64.769" errors="0">
  <testcase name="InValidUserLoginCheck" time="4.780" classname="TSuites.Shopping"/>
  <system-out/>
  <testcase name="InValidPasswordLoginCheck" time="4.632" classname="TSuites.Shopping"/>
  <system-out/>
  <testcase name="ValidUserLoginCheck" time="4.886" classname="TSuites.Shopping"/>
  <system-out/>
  <testcase name="ViewProductList" time="4.417" classname="TSuites.Shopping"/>
  <system-out/>
  <testcase name="MedAddCart" time="11.827" classname="TSuites.Shopping"/>
  <system-out/>
  <testcase name="checkCart" time="9.333" classname="TSuites.Shopping"/>
  <system-out/>
  <testcase name="selectShipping" time="9.497" classname="TSuites.Shopping"/>
  <system-out/>
  <testcase name="orderConfirm" time="7.233" classname="TSuites.Shopping"/>
  <system-out/>
  <testcase name="userLogOutClick" time="4.112" classname="TSuites.Shopping"/>
  <system-out/>
  <testcase name="userLogOutConfirm" time="4.052" classname="TSuites.Shopping"/>
  <system-out/>
</testsuite> <!-- TSuites.Shopping -->
