<?xml version="1.0" encoding="UTF-8"?>
<!-- Generated by org.testng.reporters.JUnitReportReporter -->
<testsuite skipped="2" hostname="Krishnavenis-MacBook-Air.local" name="TSuites.Shopping" tests="4" failures="0" timestamp="2021-11-20T20:33:19 IST" time="10.132" errors="0">
  <testcase name="ValidUserLoginCheck" time="5.524" classname="TSuites.Shopping"/>
  <system-out/>
  <testcase name="ViewProductList" time="4.608" classname="TSuites.Shopping"/>
  <system-out/>
  <testcase name="InValidUserLoginCheck" classname="TSuites.Shopping">
    <skipped/>
  </testcase> <!-- InValidUserLoginCheck -->
  <system-out/>
  <testcase name="InValidPasswordLoginCheck" classname="TSuites.Shopping">
    <skipped/>
  </testcase> <!-- InValidPasswordLoginCheck -->
  <system-out/>
</testsuite> <!-- TSuites.Shopping -->
