<?xml version="1.0" encoding="UTF-8"?>
<!-- Generated by org.testng.reporters.JUnitReportReporter -->
<testsuite skipped="0" hostname="Krishnavenis-MacBook-Air.local" name="TSuites.SiteMap_Common" tests="9" failures="0" timestamp="2021-11-20T15:45:36 IST" time="50.366" errors="0">
  <testcase name="validateAboutPage" time="4.681" classname="TSuites.SiteMap_Common"/>
  <system-out/>
  <testcase name="validateHomePage" time="3.072" classname="TSuites.SiteMap_Common"/>
  <system-out/>
  <testcase name="validateContactPage" time="2.225" classname="TSuites.SiteMap_Common"/>
  <system-out/>
  <testcase name="validateViewProducts" time="6.468" classname="TSuites.SiteMap_Common"/>
  <system-out/>
  <testcase name="validateAntipyreticsViewProducts" time="9.342" classname="TSuites.SiteMap_Common"/>
  <system-out/>
  <testcase name="validateAnalgesicsViewProducts" time="9.368" classname="TSuites.SiteMap_Common"/>
  <system-out/>
  <testcase name="validateAntibioticsViewProducts" time="9.369" classname="TSuites.SiteMap_Common"/>
  <system-out/>
  <testcase name="validateSignupPage" time="2.338" classname="TSuites.SiteMap_Common"/>
  <system-out/>
  <testcase name="validateLoginPage" time="3.503" classname="TSuites.SiteMap_Common"/>
  <system-out/>
</testsuite> <!-- TSuites.SiteMap_Common -->
