<?xml version="1.0" encoding="UTF-8"?>
<!-- Generated by org.testng.reporters.JUnitReportReporter -->
<testsuite skipped="0" hostname="Krishnavenis-MacBook-Air.local" name="TSuites.SiteMap_Common" tests="9" failures="0" timestamp="2021-11-21T14:14:49 IST" time="50.230" errors="0">
  <testcase name="validateAboutPage" time="4.686" classname="TSuites.SiteMap_Common"/>
  <system-out/>
  <testcase name="validateHomePage" time="3.067" classname="TSuites.SiteMap_Common"/>
  <system-out/>
  <testcase name="validateContactPage" time="2.215" classname="TSuites.SiteMap_Common"/>
  <system-out/>
  <testcase name="validateViewProducts" time="6.491" classname="TSuites.SiteMap_Common"/>
  <system-out/>
  <testcase name="validateAntipyreticsViewProducts" time="9.394" classname="TSuites.SiteMap_Common"/>
  <system-out/>
  <testcase name="validateAnalgesicsViewProducts" time="9.314" classname="TSuites.SiteMap_Common"/>
  <system-out/>
  <testcase name="validateAntibioticsViewProducts" time="9.268" classname="TSuites.SiteMap_Common"/>
  <system-out/>
  <testcase name="validateSignupPage" time="2.293" classname="TSuites.SiteMap_Common"/>
  <system-out/>
  <testcase name="validateLoginPage" time="3.502" classname="TSuites.SiteMap_Common"/>
  <system-out/>
</testsuite> <!-- TSuites.SiteMap_Common -->
