<?xml version="1.0" encoding="UTF-8"?>
<!-- Generated by org.testng.reporters.JUnitReportReporter -->
<testsuite skipped="0" hostname="Krishnavenis-MacBook-Air.local" name="TSuites.SiteMap_Common" tests="9" failures="0" timestamp="2021-11-25T14:24:10 IST" time="49.533" errors="0">
  <testcase name="validateAboutPage" time="4.528" classname="TSuites.SiteMap_Common"/>
  <system-out/>
  <testcase name="validateHomePage" time="3.065" classname="TSuites.SiteMap_Common"/>
  <system-out/>
  <testcase name="validateContactPage" time="2.154" classname="TSuites.SiteMap_Common"/>
  <system-out/>
  <testcase name="validateViewProducts" time="6.390" classname="TSuites.SiteMap_Common"/>
  <system-out/>
  <testcase name="validateAntipyreticsViewProducts" time="9.278" classname="TSuites.SiteMap_Common"/>
  <system-out/>
  <testcase name="validateAnalgesicsViewProducts" time="9.212" classname="TSuites.SiteMap_Common"/>
  <system-out/>
  <testcase name="validateAntibioticsViewProducts" time="9.227" classname="TSuites.SiteMap_Common"/>
  <system-out/>
  <testcase name="validateSignupPage" time="2.271" classname="TSuites.SiteMap_Common"/>
  <system-out/>
  <testcase name="validateLoginPage" time="3.408" classname="TSuites.SiteMap_Common"/>
  <system-out/>
</testsuite> <!-- TSuites.SiteMap_Common -->
